Using pre-set license
Built from '2020.3/staging' branch; Version is '2020.3.18f1 (a7d1c678663c) revision 10998214'; Using compiler version '192528614'; Build Type 'Release'
OS: 'Windows 10 Home Single Language; OS build 19042.1165; Version 2009; 64bit' Language: 'en' Physical Memory: 8001 MB
BatchMode: 1, IsHumanControllingUs: 0, StartBugReporterOnCrash: 0, Is64bit: 1, IsPro: 0

COMMAND LINE ARGUMENTS:
D:\unity\2020.3.18f1\Editor\Unity.exe
-adb2
-batchMode
-noUpm
-name
AssetImportWorker0
-projectPath
D:/GAMEPRO_4503-A11201912212/Gamepro_4503-A11201912212/PERTEMUAN 2/Latihan3_2D
-logFile
Logs/AssetImportWorker0.log
-srvPort
54101
Successfully changed project path to: D:/GAMEPRO_4503-A11201912212/Gamepro_4503-A11201912212/PERTEMUAN 2/Latihan3_2D
D:/GAMEPRO_4503-A11201912212/Gamepro_4503-A11201912212/PERTEMUAN 2/Latihan3_2D
Using Asset Import Pipeline V2.
Refreshing native plugins compatible for Editor in 98.87 ms, found 2 plugins.
Preloading 0 native plugins for Editor in 0.00 ms.
Initialize engine version: 2020.3.18f1 (a7d1c678663c)
[Subsystems] Discovering subsystems at path D:/unity/2020.3.18f1/Editor/Data/Resources/UnitySubsystems
[Subsystems] Discovering subsystems at path D:/GAMEPRO_4503-A11201912212/Gamepro_4503-A11201912212/PERTEMUAN 2/Latihan3_2D/Assets
GfxDevice: creating device client; threaded=0
Direct3D:
    Version:  Direct3D 11.0 [level 11.1]
    Renderer: NVIDIA GeForce GTX 1050 (ID=0x1c91)
    Vendor:   
    VRAM:     2996 MB
    Driver:   27.21.14.6677
Initialize mono
Mono path[0] = 'D:/unity/2020.3.18f1/Editor/Data/Managed'
Mono path[1] = 'D:/unity/2020.3.18f1/Editor/Data/MonoBleedingEdge/lib/mono/unityjit'
Mono config path = 'D:/unity/2020.3.18f1/Editor/Data/MonoBleedingEdge/etc'
Using monoOptions --debugger-agent=transport=dt_socket,embedding=1,server=y,suspend=n,address=127.0.0.1:56296
Begin MonoManager ReloadAssembly
Registering precompiled unity dll's ...
Register platform support module: D:/unity/2020.3.18f1/Editor/Data/PlaybackEngines/WebGLSupport/UnityEditor.WebGL.Extensions.dll
Register platform support module: D:/unity/2020.3.18f1/Editor/Data/PlaybackEngines/WindowsStandaloneSupport/UnityEditor.WindowsStandalone.Extensions.dll
Registered in 0.002773 seconds.
Native extension for WindowsStandalone target not found
Native extension for WebGL target not found
Refreshing native plugins compatible for Editor in 58.52 ms, found 2 plugins.
Preloading 0 native plugins for Editor in 0.00 ms.
Mono: successfully reloaded assembly
- Completed reload, in  2.380 seconds
Domain Reload Profiling:
	ReloadAssembly (2380ms)
		BeginReloadAssembly (137ms)
			ExecutionOrderSort (0ms)
			DisableScriptedObjects (0ms)
			BackupInstance (0ms)
			ReleaseScriptingObjects (0ms)
			CreateAndSetChildDomain (2ms)
		EndReloadAssembly (860ms)
			LoadAssemblies (136ms)
			RebuildTransferFunctionScriptingTraits (0ms)
			SetupTypeCache (328ms)
			ReleaseScriptCaches (0ms)
			RebuildScriptCaches (65ms)
			SetupLoadedEditorAssemblies (325ms)
				LogAssemblyErrors (0ms)
				InitializePlatformSupportModulesInManaged (14ms)
				SetLoadedEditorAssemblies (1ms)
				RefreshPlugins (59ms)
				BeforeProcessingInitializeOnLoad (18ms)
				ProcessInitializeOnLoadAttributes (172ms)
				ProcessInitializeOnLoadMethodAttributes (61ms)
				AfterProcessingInitializeOnLoad (0ms)
				EditorAssembliesLoaded (0ms)
			ExecutionOrderSort2 (0ms)
			AwakeInstancesAfterBackupRestoration (0ms)
Platform modules already initialized, skipping
Registering precompiled user dll's ...
Registered in 0.004382 seconds.
Begin MonoManager ReloadAssembly
Native extension for WindowsStandalone target not found
Native extension for WebGL target not found
Refreshing native plugins compatible for Editor in 1.00 ms, found 2 plugins.
Preloading 0 native plugins for Editor in 0.00 ms.
Mono: successfully reloaded assembly
- Completed reload, in  3.007 seconds
Domain Reload Profiling:
	ReloadAssembly (3009ms)
		BeginReloadAssembly (348ms)
			ExecutionOrderSort (0ms)
			DisableScriptedObjects (11ms)
			BackupInstance (0ms)
			ReleaseScriptingObjects (0ms)
			CreateAndSetChildDomain (44ms)
		EndReloadAssembly (2537ms)
			LoadAssemblies (201ms)
			RebuildTransferFunctionScriptingTraits (0ms)
			SetupTypeCache (630ms)
			ReleaseScriptCaches (1ms)
			RebuildScriptCaches (86ms)
			SetupLoadedEditorAssemblies (1443ms)
				LogAssemblyErrors (0ms)
				InitializePlatformSupportModulesInManaged (16ms)
				SetLoadedEditorAssemblies (1ms)
				RefreshPlugins (1ms)
				BeforeProcessingInitializeOnLoad (113ms)
				ProcessInitializeOnLoadAttributes (1296ms)
				ProcessInitializeOnLoadMethodAttributes (9ms)
				AfterProcessingInitializeOnLoad (7ms)
				EditorAssembliesLoaded (0ms)
			ExecutionOrderSort2 (0ms)
			AwakeInstancesAfterBackupRestoration (15ms)
Platform modules already initialized, skipping
========================================================================
Worker process is ready to serve import requests
Launched and connected shader compiler UnityShaderCompiler.exe after 0.13 seconds
Refreshing native plugins compatible for Editor in 0.70 ms, found 2 plugins.
Preloading 0 native plugins for Editor in 0.00 ms.
Unloading 1396 Unused Serialized files (Serialized files now loaded: 0)
System memory in use before: 65.2 MB.
System memory in use after: 65.3 MB.

Unloading 16 unused Assets to reduce memory usage. Loaded Objects now: 1831.
Total: 6.471800 ms (FindLiveObjects: 0.394300 ms CreateObjectMapping: 0.061100 ms MarkObjects: 5.841500 ms  DeleteObjects: 0.171800 ms)

AssetImportParameters requested are different than current active one (requested -> active):
  custom:framework-win-MediaFoundation: 216162199b28c13a410421893ffa2e32 -> 
  custom:video-decoder-ogg-theora: a1e56fd34408186e4bbccfd4996cb3dc -> 
  custom:container-muxer-webm: aa71ff27fc2769a1b78a27578f13a17b -> 
  custom:container-demuxer-webm: 4f35f7cbe854078d1ac9338744f61a02 -> 
  custom:container-demuxer-ogg: 62fdf1f143b41e24485cea50d1cbac27 -> 
  custom:video-encoder-webm-vp8: eb34c28f22e8b96e1ab97ce403110664 -> 
  custom:video-codec-MediaFoundation-h265: 746d11721c4dcdbdad8f713fa42b33f4 -> 
  custom:video-decoder-webm-vp8: 9c59270c3fd7afecdb556c50c9e8de78 -> 
  custom:audio-decoder-ogg-vorbis: bf7c407c2cedff20999df2af8eb42d56 -> 
  custom:audio-encoder-webm-vorbis: bf7c407c2cedff20999df2af8eb42d56 -> 
========================================================================
Received Import Request.
  path: Assets/gambarEnemy.png
  artifactKey: Guid(934d36c764f1a63409cb7701b6090746) Importer(815301076,1909f56bfc062723c751e8b465ee728b)
Start importing Assets/gambarEnemy.png using Guid(934d36c764f1a63409cb7701b6090746) Importer(815301076,1909f56bfc062723c751e8b465ee728b)  -> (artifact id: '1857f21e10b84d312ca9aae539919e2a') in 1.742728 seconds 
  Import took 1.748007 seconds .

========================================================================
Received Import Request.
  Time since last request: 0.000442 seconds.
  path: Assets/gambarPlayer.png
  artifactKey: Guid(0d7d31d0cab7b0d498c62fd5574714f8) Importer(815301076,1909f56bfc062723c751e8b465ee728b)
Start importing Assets/gambarPlayer.png using Guid(0d7d31d0cab7b0d498c62fd5574714f8) Importer(815301076,1909f56bfc062723c751e8b465ee728b)  -> (artifact id: '12f7da5e05d540f7e55986378d977547') in 0.027499 seconds 
  Import took 0.092955 seconds .

========================================================================
Received Import Request.
  Time since last request: 0.029169 seconds.
  path: Assets/gambarPlayer.png
  artifactKey: Guid(0d7d31d0cab7b0d498c62fd5574714f8) Importer(815301076,1909f56bfc062723c751e8b465ee728b)
Start importing Assets/gambarPlayer.png using Guid(0d7d31d0cab7b0d498c62fd5574714f8) Importer(815301076,1909f56bfc062723c751e8b465ee728b)  -> (artifact id: '12f7da5e05d540f7e55986378d977547') in 0.014451 seconds 
  Import took 0.036981 seconds .

========================================================================
Received Import Request.
  Time since last request: 62.341102 seconds.
  path: Assets/Scenes
  artifactKey: Guid(643b8200516da6d4b84ca5a2a1d1c653) Importer(815301076,1909f56bfc062723c751e8b465ee728b)
Start importing Assets/Scenes using Guid(643b8200516da6d4b84ca5a2a1d1c653) Importer(815301076,1909f56bfc062723c751e8b465ee728b)  -> (artifact id: '5026fc616c34bed5748fbe4bf8234cef') in 0.014509 seconds 
  Import took 0.019134 seconds .

========================================================================
Received Import Request.
  Time since last request: 92.872925 seconds.
  path: Assets/gambarEnemy.png
  artifactKey: Guid(9786ad422883bd04b85d855fbe1c38f2) Importer(815301076,1909f56bfc062723c751e8b465ee728b)
Start importing Assets/gambarEnemy.png using Guid(9786ad422883bd04b85d855fbe1c38f2) Importer(815301076,1909f56bfc062723c751e8b465ee728b)  -> (artifact id: 'ca81b25e6481cd72f5fbb24d5d038b57') in 0.016422 seconds 
  Import took 0.077598 seconds .

========================================================================
Received Import Request.
  Time since last request: 0.000531 seconds.
  path: Assets/gambarPlayer.png
  artifactKey: Guid(31531e19b04ace34bbded1d2c6bb66d0) Importer(815301076,1909f56bfc062723c751e8b465ee728b)
Start importing Assets/gambarPlayer.png using Guid(31531e19b04ace34bbded1d2c6bb66d0) Importer(815301076,1909f56bfc062723c751e8b465ee728b)  -> (artifact id: '580f56e0c56993b056ce19c5c1ffe2bc') in 0.018977 seconds 
  Import took 0.023867 seconds .

========================================================================
Received Import Request.
  Time since last request: 28108.893266 seconds.
  path: Assets/Scenes/Player.png
  artifactKey: Guid(0d7d31d0cab7b0d498c62fd5574714f8) Importer(815301076,1909f56bfc062723c751e8b465ee728b)
Start importing Assets/Scenes/Player.png using Guid(0d7d31d0cab7b0d498c62fd5574714f8) Importer(815301076,1909f56bfc062723c751e8b465ee728b)  -> (artifact id: '3fa45fe7592f1bec3a1f0293c09acf59') in 0.067218 seconds 
  Import took 0.099479 seconds .

========================================================================
Received Import Request.
  Time since last request: 6.631519 seconds.
  path: Assets/Scenes/Enemy.png
  artifactKey: Guid(934d36c764f1a63409cb7701b6090746) Importer(815301076,1909f56bfc062723c751e8b465ee728b)
Start importing Assets/Scenes/Enemy.png using Guid(934d36c764f1a63409cb7701b6090746) Importer(815301076,1909f56bfc062723c751e8b465ee728b)  -> (artifact id: 'db5e612c5a084f3e90dcad08e09d67bb') in 0.014586 seconds 
  Import took 0.018095 seconds .

========================================================================
Received Import Request.
  Time since last request: 141.248642 seconds.
  path: Assets/Scenes/Player.unity
  artifactKey: Guid(ee4d106e857426445aa86efd46079065) Importer(815301076,1909f56bfc062723c751e8b465ee728b)
Start importing Assets/Scenes/Player.unity using Guid(ee4d106e857426445aa86efd46079065) Importer(815301076,1909f56bfc062723c751e8b465ee728b)  -> (artifact id: 'b5a111c4ac25c25bf2dd3c7d5fd1aaad') in 0.031179 seconds 
  Import took 0.057960 seconds .

========================================================================
Received Import Request.
  Time since last request: 31.964852 seconds.
  path: Assets/Scenes/Enemy.unity
  artifactKey: Guid(850318fbf69320a46a267e894558724c) Importer(815301076,1909f56bfc062723c751e8b465ee728b)
Start importing Assets/Scenes/Enemy.unity using Guid(850318fbf69320a46a267e894558724c) Importer(815301076,1909f56bfc062723c751e8b465ee728b)  -> (artifact id: 'cbda9f63f11ffa0114dea674f1dd57df') in 0.009175 seconds 
  Import took 0.012954 seconds .

========================================================================
Received Import Request.
  Time since last request: 0.003370 seconds.
  path: Assets/Scenes/Enemy.unity
  artifactKey: Guid(850318fbf69320a46a267e894558724c) Importer(815301076,1909f56bfc062723c751e8b465ee728b)
Start importing Assets/Scenes/Enemy.unity using Guid(850318fbf69320a46a267e894558724c) Importer(815301076,1909f56bfc062723c751e8b465ee728b)  -> (artifact id: 'cbda9f63f11ffa0114dea674f1dd57df') in 0.002770 seconds 
  Import took 0.005595 seconds .

========================================================================
Received Import Request.
  Time since last request: 43.346982 seconds.
  path: Assets/Scenes/Player.png
  artifactKey: Guid(0d7d31d0cab7b0d498c62fd5574714f8) Importer(815301076,1909f56bfc062723c751e8b465ee728b)
Start importing Assets/Scenes/Player.png using Guid(0d7d31d0cab7b0d498c62fd5574714f8) Importer(815301076,1909f56bfc062723c751e8b465ee728b)  -> (artifact id: '073c4b24684e343cf09f73eba1b8a3f9') in 0.011209 seconds 
  Import took 0.023513 seconds .

========================================================================
Received Import Request.
  Time since last request: 107.444979 seconds.
  path: Assets/Scenes/New Scene.unity
  artifactKey: Guid(be162bbc904aaca47b679d4a71dbebe5) Importer(815301076,1909f56bfc062723c751e8b465ee728b)
Start importing Assets/Scenes/New Scene.unity using Guid(be162bbc904aaca47b679d4a71dbebe5) Importer(815301076,1909f56bfc062723c751e8b465ee728b)  -> (artifact id: 'c8aadbbf5fba9be38db3b18608719626') in 0.012878 seconds 
  Import took 0.016120 seconds .

========================================================================
Received Import Request.
  Time since last request: 58.770366 seconds.
  path: Assets/Scenes/SampleScene.unity
  artifactKey: Guid(9fc0d4010bbf28b4594072e72b8655ab) Importer(815301076,1909f56bfc062723c751e8b465ee728b)
Start importing Assets/Scenes/SampleScene.unity using Guid(9fc0d4010bbf28b4594072e72b8655ab) Importer(815301076,1909f56bfc062723c751e8b465ee728b)  -> (artifact id: '6cfbc4f02ffffcfa6302fbc5071cc085') in 0.011149 seconds 
  Import took 0.055261 seconds .

========================================================================
Received Import Request.
  Time since last request: 262.767201 seconds.
  path: Assets/Scenes/Enemy.unity
  artifactKey: Guid(850318fbf69320a46a267e894558724c) Importer(815301076,1909f56bfc062723c751e8b465ee728b)
Start importing Assets/Scenes/Enemy.unity using Guid(850318fbf69320a46a267e894558724c) Importer(815301076,1909f56bfc062723c751e8b465ee728b)  -> (artifact id: '195bcd577e5b75055fb7ad517ec136ef') in 0.005241 seconds 
  Import took 0.054616 seconds .

